<?xml version="1.0" encoding="UTF-8" ?>
<testsuite tests="1" failures="1" name="TestSuite" time="20.519" errors="0" skipped="0">
  <properties>
[...]
</properties>
  <testcase classname="com.practice.SearchOrgByRatingTest" name="test" time="20.519">
    <failure message="session not created: This version of ChromeDriver only supports Chrome version 91
Current browser version is 93.0.4577.63 with binary path C:\Program Files\Google\Chrome\Application\chrome.exe
Build info: version: &apos;3.141.59&apos;, revision: &apos;e82be7d358&apos;, time: &apos;2018-11-14T08:17:03&apos;
System info: host: &apos;DHARINI-HP&apos;, ip: &apos;192.168.64.1&apos;, os.name: &apos;Windows 10&apos;, os.arch: &apos;amd64&apos;, os.version: &apos;10.0&apos;, java.version: &apos;1.8.0_281&apos;
Driver info: driver.version: ChromeDriver
remote stacktrace: Backtrace:
	Ordinal0 [0x00C83733+2504499]
	Ordinal0 [0x00C1C401+2081793]
	Ordinal0 [0x00B22628+1058344]
	Ordinal0 [0x00B4071A+1181466]
	Ordinal0 [0x00B3C58C+1164684]
	Ordinal0 [0x00B39DC3+1154499]
	Ordinal0 [0x00B69B82+1350530]
	Ordinal0 [0x00B697DA+1349594]
	Ordinal0 [0x00B65D4B+1334603]
	Ordinal0 [0x00B422B4+1188532]
	Ordinal0 [0x00B43149+1192265]
	GetHandleVerifier [0x00DFFB8C+1512252]
	GetHandleVerifier [0x00EAB0DF+2214031]
	GetHandleVerifier [0x00D04BC3+484211]
	GetHandleVerifier [0x00D03E69+480793]
	Ordinal0 [0x00C2218D+2105741]
	Ordinal0 [0x00C266E8+2123496]
	Ordinal0 [0x00C26827+2123815]
	Ordinal0 [0x00C2FB73+2161523]
	BaseThreadInitThunk [0x77A5FA29+25]
	RtlGetAppContainerNamedObjectPath [0x77CE7A7E+286]
	RtlGetAppContainerNamedObjectPath [0x77CE7A4E+238]
" type="org.openqa.selenium.SessionNotCreatedException">org.openqa.selenium.SessionNotCreatedException: session not created: This version of ChromeDriver only supports Chrome version 91
Current browser version is 93.0.4577.63 with binary path C:\Program Files\Google\Chrome\Application\chrome.exe
Build info: version: &apos;3.141.59&apos;, revision: &apos;e82be7d358&apos;, time: &apos;2018-11-14T08:17:03&apos;
System info: host: &apos;DHARINI-HP&apos;, ip: &apos;192.168.64.1&apos;, os.name: &apos;Windows 10&apos;, os.arch: &apos;amd64&apos;, os.version: &apos;10.0&apos;, java.version: &apos;1.8.0_281&apos;
Driver info: driver.version: ChromeDriver
remote stacktrace: Backtrace:
	Ordinal0 [0x00C83733+2504499]
	Ordinal0 [0x00C1C401+2081793]
	Ordinal0 [0x00B22628+1058344]
	Ordinal0 [0x00B4071A+1181466]
	Ordinal0 [0x00B3C58C+1164684]
	Ordinal0 [0x00B39DC3+1154499]
	Ordinal0 [0x00B69B82+1350530]
	Ordinal0 [0x00B697DA+1349594]
	Ordinal0 [0x00B65D4B+1334603]
	Ordinal0 [0x00B422B4+1188532]
	Ordinal0 [0x00B43149+1192265]
	GetHandleVerifier [0x00DFFB8C+1512252]
	GetHandleVerifier [0x00EAB0DF+2214031]
	GetHandleVerifier [0x00D04BC3+484211]
	GetHandleVerifier [0x00D03E69+480793]
	Ordinal0 [0x00C2218D+2105741]
	Ordinal0 [0x00C266E8+2123496]
	Ordinal0 [0x00C26827+2123815]
	Ordinal0 [0x00C2FB73+2161523]
	BaseThreadInitThunk [0x77A5FA29+25]
	RtlGetAppContainerNamedObjectPath [0x77CE7A7E+286]
	RtlGetAppContainerNamedObjectPath [0x77CE7A4E+238]

	at sun.reflect.NativeConstructorAccessorImpl.newInstance0(Native Method)
	at sun.reflect.NativeConstructorAccessorImpl.newInstance(NativeConstructorAccessorImpl.java:62)
	at sun.reflect.DelegatingConstructorAccessorImpl.newInstance(DelegatingConstructorAccessorImpl.java:45)
	at java.lang.reflect.Constructor.newInstance(Constructor.java:423)
	at org.openqa.selenium.remote.W3CHandshakeResponse.lambda$errorHandler$0(W3CHandshakeResponse.java:62)
	at org.openqa.selenium.remote.HandshakeResponse.lambda$getResponseFunction$0(HandshakeResponse.java:30)
	at org.openqa.selenium.remote.ProtocolHandshake.lambda$createSession$0(ProtocolHandshake.java:126)
	at java.util.stream.ReferencePipeline$3$1.accept(ReferencePipeline.java:193)
	at java.util.Spliterators$ArraySpliterator.tryAdvance(Spliterators.java:958)
	at java.util.stream.ReferencePipeline.forEachWithCancel(ReferencePipeline.java:126)
	at java.util.stream.AbstractPipeline.copyIntoWithCancel(AbstractPipeline.java:499)
	at java.util.stream.AbstractPipeline.copyInto(AbstractPipeline.java:486)
	at java.util.stream.AbstractPipeline.wrapAndCopyInto(AbstractPipeline.java:472)
	at java.util.stream.FindOps$FindOp.evaluateSequential(FindOps.java:152)
	at java.util.stream.AbstractPipeline.evaluate(AbstractPipeline.java:234)
	at java.util.stream.ReferencePipeline.findFirst(ReferencePipeline.java:464)
	at org.openqa.selenium.remote.ProtocolHandshake.createSession(ProtocolHandshake.java:128)
	at org.openqa.selenium.remote.ProtocolHandshake.createSession(ProtocolHandshake.java:74)
	at org.openqa.selenium.remote.HttpCommandExecutor.execute(HttpCommandExecutor.java:136)
	at org.openqa.selenium.remote.service.DriverCommandExecutor.execute(DriverCommandExecutor.java:83)
	at org.openqa.selenium.remote.RemoteWebDriver.execute(RemoteWebDriver.java:552)
	at org.openqa.selenium.remote.RemoteWebDriver.startSession(RemoteWebDriver.java:213)
	at org.openqa.selenium.remote.RemoteWebDriver.&lt;init&gt;(RemoteWebDriver.java:131)
	at org.openqa.selenium.chrome.ChromeDriver.&lt;init&gt;(ChromeDriver.java:181)
	at org.openqa.selenium.chrome.ChromeDriver.&lt;init&gt;(ChromeDriver.java:168)
	at org.openqa.selenium.chrome.ChromeDriver.&lt;init&gt;(ChromeDriver.java:123)
	at com.practice.SearchOrgByRatingTest.test(SearchOrgByRatingTest.java:20)
</failure>
    <system-out>Configuring TestNG with: org.apache.maven.surefire.testng.conf.TestNG652Configurator@17ed40e0
</system-out>
    <system-err>Starting ChromeDriver 91.0.4472.101 (af52a90bf87030dd1523486a1cd3ae25c5d76c9b-refs/branch-heads/4472@{#1462}) on port 26079
Only local connections are allowed.
Please see https://chromedriver.chromium.org/security-considerations for suggestions on keeping ChromeDriver safe.
ChromeDriver was started successfully.
</system-err>
  </testcase>
</testsuite>