<?xml version="1.0" encoding="UTF-8"?>
<testng-results skipped="1" failed="1" ignored="2" total="5" passed="1">
  <reporter-output>
  </reporter-output>
  <suite name="Suite" duration-ms="375932" started-at="2021-08-27T14:04:19 IST" finished-at="2021-08-27T14:10:35 IST">
    <groups>
      <group name="regressionTest">
        <method signature="SearchOrgTestNG.SearchOrgByRatingTest()[pri:0, instance:com.vtiger.comcast.organisationtest.SearchOrgTestNG@7a1ebcd8]" name="SearchOrgByRatingTest" class="com.vtiger.comcast.organisationtest.SearchOrgTestNG"/>
        <method signature="SelectOrgFromOrgListTestNG.selectOrgFromOrgListTest()[pri:0, instance:com.vtiger.comcast.organisationtest.SelectOrgFromOrgListTestNG@5faeada1]" name="selectOrgFromOrgListTest" class="com.vtiger.comcast.organisationtest.SelectOrgFromOrgListTestNG"/>
      </group> <!-- regressionTest -->
      <group name="smokeTest">
        <method signature="SearchOrgTestNG.SearchOrgByAssignToTest()[pri:0, instance:com.vtiger.comcast.organisationtest.SearchOrgTestNG@7a1ebcd8]" name="SearchOrgByAssignToTest" class="com.vtiger.comcast.organisationtest.SearchOrgTestNG"/>
        <method signature="SelectOrgFromOrgListTestNG.selectOrgFromOrgListTest()[pri:0, instance:com.vtiger.comcast.organisationtest.SelectOrgFromOrgListTestNG@5faeada1]" name="selectOrgFromOrgListTest" class="com.vtiger.comcast.organisationtest.SelectOrgFromOrgListTestNG"/>
      </group> <!-- smokeTest -->
    </groups>
    <test name="FullRegressionTest" duration-ms="375932" started-at="2021-08-27T14:04:19 IST" finished-at="2021-08-27T14:10:35 IST">
      <class name="com.vtiger.comcast.organisationtest.SelectOrgFromOrgListTestNG">
        <test-method status="PASS" signature="configBC(java.lang.String)[pri:0, instance:com.vtiger.comcast.organisationtest.SelectOrgFromOrgListTestNG@5faeada1]" name="configBC" is-config="true" duration-ms="43829" started-at="2021-08-27T14:06:52 IST" finished-at="2021-08-27T14:07:35 IST">
          <params>
            <param index="0">
              <value>
                <![CDATA[chrome]]>
              </value>
            </param>
          </params>
          <reporter-output>
          </reporter-output>
        </test-method> <!-- configBC -->
        <test-method status="PASS" signature="configBM()[pri:0, instance:com.vtiger.comcast.organisationtest.SelectOrgFromOrgListTestNG@5faeada1]" name="configBM" is-config="true" duration-ms="47626" started-at="2021-08-27T14:07:35 IST" finished-at="2021-08-27T14:08:23 IST">
          <reporter-output>
          </reporter-output>
        </test-method> <!-- configBM -->
        <test-method status="FAIL" signature="selectOrgFromOrgListTest()[pri:0, instance:com.vtiger.comcast.organisationtest.SelectOrgFromOrgListTestNG@5faeada1]" name="selectOrgFromOrgListTest" duration-ms="94329" started-at="2021-08-27T14:08:23 IST" finished-at="2021-08-27T14:09:57 IST">
          <exception class="java.lang.AssertionError">
            <message>
              <![CDATA[expected [[ ACC7 ] SriRamLaptops - Organization Information Updated 8 days ago (19 Aug 2021) By Administrator] but found [[ ACC7 ] SriRamLaptops - Organization Information Updated today (19 Aug 2021) By Administrator]]]>
            </message>
            <full-stacktrace>
              <![CDATA[java.lang.AssertionError: expected [[ ACC7 ] SriRamLaptops - Organization Information Updated 8 days ago (19 Aug 2021) By Administrator] but found [[ ACC7 ] SriRamLaptops - Organization Information Updated today (19 Aug 2021) By Administrator]
at org.testng.Assert.fail(Assert.java:99)
at org.testng.Assert.failNotEquals(Assert.java:1037)
at org.testng.Assert.assertEqualsImpl(Assert.java:140)
at org.testng.Assert.assertEquals(Assert.java:122)
at org.testng.Assert.assertEquals(Assert.java:629)
at org.testng.Assert.assertEquals(Assert.java:639)
at com.vtiger.comcast.organisationtest.SelectOrgFromOrgListTestNG.selectOrgFromOrgListTest(SelectOrgFromOrgListTestNG.java:37)
at sun.reflect.NativeMethodAccessorImpl.invoke0(Native Method)
at sun.reflect.NativeMethodAccessorImpl.invoke(NativeMethodAccessorImpl.java:62)
at sun.reflect.DelegatingMethodAccessorImpl.invoke(DelegatingMethodAccessorImpl.java:43)
at java.lang.reflect.Method.invoke(Method.java:498)
at org.testng.internal.MethodInvocationHelper.invokeMethod(MethodInvocationHelper.java:132)
at org.testng.internal.TestInvoker.invokeMethod(TestInvoker.java:599)
at org.testng.internal.TestInvoker.invokeTestMethod(TestInvoker.java:174)
at org.testng.internal.MethodRunner.runInSequence(MethodRunner.java:46)
at org.testng.internal.TestInvoker$MethodInvocationAgent.invoke(TestInvoker.java:822)
at org.testng.internal.TestInvoker.invokeTestMethods(TestInvoker.java:147)
at org.testng.internal.TestMethodWorker.invokeTestMethods(TestMethodWorker.java:146)
at org.testng.internal.TestMethodWorker.run(TestMethodWorker.java:128)
at java.util.ArrayList.forEach(ArrayList.java:1259)
at org.testng.TestRunner.privateRun(TestRunner.java:764)
at org.testng.TestRunner.run(TestRunner.java:585)
at org.testng.SuiteRunner.runTest(SuiteRunner.java:384)
at org.testng.SuiteRunner.runSequentially(SuiteRunner.java:378)
at org.testng.SuiteRunner.privateRun(SuiteRunner.java:337)
at org.testng.SuiteRunner.run(SuiteRunner.java:286)
at org.testng.SuiteRunnerWorker.runSuite(SuiteRunnerWorker.java:53)
at org.testng.SuiteRunnerWorker.run(SuiteRunnerWorker.java:96)
at org.testng.TestNG.runSuitesSequentially(TestNG.java:1218)
at org.testng.TestNG.runSuitesLocally(TestNG.java:1140)
at org.testng.TestNG.runSuites(TestNG.java:1069)
at org.testng.TestNG.run(TestNG.java:1037)
at org.testng.remote.AbstractRemoteTestNG.run(AbstractRemoteTestNG.java:115)
at org.testng.remote.RemoteTestNG.initAndRun(RemoteTestNG.java:251)
at org.testng.remote.RemoteTestNG.main(RemoteTestNG.java:77)
]]>
            </full-stacktrace>
          </exception> <!-- java.lang.AssertionError -->
          <reporter-output>
          </reporter-output>
        </test-method> <!-- selectOrgFromOrgListTest -->
        <test-method status="PASS" signature="configAM()[pri:0, instance:com.vtiger.comcast.organisationtest.SelectOrgFromOrgListTestNG@5faeada1]" name="configAM" is-config="true" duration-ms="27305" started-at="2021-08-27T14:10:08 IST" finished-at="2021-08-27T14:10:35 IST">
          <reporter-output>
          </reporter-output>
        </test-method> <!-- configAM -->
        <test-method status="PASS" signature="configAC()[pri:0, instance:com.vtiger.comcast.organisationtest.SelectOrgFromOrgListTestNG@5faeada1]" name="configAC" is-config="true" duration-ms="0" started-at="2021-08-27T14:10:35 IST" finished-at="2021-08-27T14:10:35 IST">
          <reporter-output>
          </reporter-output>
        </test-method> <!-- configAC -->
      </class> <!-- com.vtiger.comcast.organisationtest.SelectOrgFromOrgListTestNG -->
      <class name="com.vtiger.comcast.organisationtest.SearchOrgTestNG">
        <test-method status="PASS" signature="configBS()[pri:0, instance:com.vtiger.comcast.organisationtest.SearchOrgTestNG@7a1ebcd8]" name="configBS" is-config="true" duration-ms="145" started-at="2021-08-27T14:04:19 IST" finished-at="2021-08-27T14:04:19 IST">
          <reporter-output>
          </reporter-output>
        </test-method> <!-- configBS -->
        <test-method status="PASS" signature="configBC(java.lang.String)[pri:0, instance:com.vtiger.comcast.organisationtest.SearchOrgTestNG@7a1ebcd8]" name="configBC" is-config="true" duration-ms="39918" started-at="2021-08-27T14:04:19 IST" finished-at="2021-08-27T14:04:59 IST">
          <params>
            <param index="0">
              <value>
                <![CDATA[chrome]]>
              </value>
            </param>
          </params>
          <reporter-output>
          </reporter-output>
        </test-method> <!-- configBC -->
        <test-method status="PASS" signature="configBM()[pri:0, instance:com.vtiger.comcast.organisationtest.SearchOrgTestNG@7a1ebcd8]" name="configBM" is-config="true" duration-ms="58764" started-at="2021-08-27T14:04:59 IST" finished-at="2021-08-27T14:05:58 IST">
          <reporter-output>
          </reporter-output>
        </test-method> <!-- configBM -->
        <test-method status="PASS" signature="SearchOrgByAssignToTest()[pri:0, instance:com.vtiger.comcast.organisationtest.SearchOrgTestNG@7a1ebcd8]" name="SearchOrgByAssignToTest" duration-ms="37469" started-at="2021-08-27T14:05:58 IST" finished-at="2021-08-27T14:06:35 IST">
          <reporter-output>
          </reporter-output>
        </test-method> <!-- SearchOrgByAssignToTest -->
        <test-method status="PASS" signature="configAM()[pri:0, instance:com.vtiger.comcast.organisationtest.SearchOrgTestNG@7a1ebcd8]" name="configAM" is-config="true" duration-ms="15736" started-at="2021-08-27T14:06:35 IST" finished-at="2021-08-27T14:06:51 IST">
          <reporter-output>
          </reporter-output>
        </test-method> <!-- configAM -->
        <test-method status="FAIL" signature="configBM()[pri:0, instance:com.vtiger.comcast.organisationtest.SearchOrgTestNG@7a1ebcd8]" name="configBM" is-config="true" duration-ms="347" started-at="2021-08-27T14:06:51 IST" finished-at="2021-08-27T14:06:51 IST">
          <exception class="org.openqa.selenium.NoSuchSessionException">
            <message>
              <![CDATA[Session ID is null. Using WebDriver after calling quit()?
Build info: version: '3.141.59', revision: 'e82be7d358', time: '2018-11-14T08:17:03'
System info: host: 'DHARINI-HP', ip: '192.168.64.1', os.name: 'Windows 10', os.arch: 'amd64', os.version: '10.0', java.version: '1.8.0_281'
Driver info: driver.version: RemoteWebDriver]]>
            </message>
            <full-stacktrace>
              <![CDATA[org.openqa.selenium.NoSuchSessionException: Session ID is null. Using WebDriver after calling quit()?
Build info: version: '3.141.59', revision: 'e82be7d358', time: '2018-11-14T08:17:03'
System info: host: 'DHARINI-HP', ip: '192.168.64.1', os.name: 'Windows 10', os.arch: 'amd64', os.version: '10.0', java.version: '1.8.0_281'
Driver info: driver.version: RemoteWebDriver
at org.openqa.selenium.remote.HttpCommandExecutor.execute(HttpCommandExecutor.java:125)
at org.openqa.selenium.remote.service.DriverCommandExecutor.execute(DriverCommandExecutor.java:83)
at org.openqa.selenium.remote.RemoteWebDriver.execute(RemoteWebDriver.java:552)
at org.openqa.selenium.remote.RemoteWebDriver.get(RemoteWebDriver.java:277)
at com.vtiger.comcast.genericUtility.BaseClass.configBM(BaseClass.java:55)
at sun.reflect.NativeMethodAccessorImpl.invoke0(Native Method)
at sun.reflect.NativeMethodAccessorImpl.invoke(NativeMethodAccessorImpl.java:62)
at sun.reflect.DelegatingMethodAccessorImpl.invoke(DelegatingMethodAccessorImpl.java:43)
at java.lang.reflect.Method.invoke(Method.java:498)
at org.testng.internal.MethodInvocationHelper.invokeMethod(MethodInvocationHelper.java:132)
at org.testng.internal.MethodInvocationHelper.invokeMethodConsideringTimeout(MethodInvocationHelper.java:61)
at org.testng.internal.ConfigInvoker.invokeConfigurationMethod(ConfigInvoker.java:366)
at org.testng.internal.ConfigInvoker.invokeConfigurations(ConfigInvoker.java:320)
at org.testng.internal.TestInvoker.runConfigMethods(TestInvoker.java:701)
at org.testng.internal.TestInvoker.invokeMethod(TestInvoker.java:527)
at org.testng.internal.TestInvoker.invokeTestMethod(TestInvoker.java:174)
at org.testng.internal.MethodRunner.runInSequence(MethodRunner.java:46)
at org.testng.internal.TestInvoker$MethodInvocationAgent.invoke(TestInvoker.java:822)
at org.testng.internal.TestInvoker.invokeTestMethods(TestInvoker.java:147)
at org.testng.internal.TestMethodWorker.invokeTestMethods(TestMethodWorker.java:146)
at org.testng.internal.TestMethodWorker.run(TestMethodWorker.java:128)
at java.util.ArrayList.forEach(ArrayList.java:1259)
at org.testng.TestRunner.privateRun(TestRunner.java:764)
at org.testng.TestRunner.run(TestRunner.java:585)
at org.testng.SuiteRunner.runTest(SuiteRunner.java:384)
at org.testng.SuiteRunner.runSequentially(SuiteRunner.java:378)
at org.testng.SuiteRunner.privateRun(SuiteRunner.java:337)
at org.testng.SuiteRunner.run(SuiteRunner.java:286)
at org.testng.SuiteRunnerWorker.runSuite(SuiteRunnerWorker.java:53)
at org.testng.SuiteRunnerWorker.run(SuiteRunnerWorker.java:96)
at org.testng.TestNG.runSuitesSequentially(TestNG.java:1218)
at org.testng.TestNG.runSuitesLocally(TestNG.java:1140)
at org.testng.TestNG.runSuites(TestNG.java:1069)
at org.testng.TestNG.run(TestNG.java:1037)
at org.testng.remote.AbstractRemoteTestNG.run(AbstractRemoteTestNG.java:115)
at org.testng.remote.RemoteTestNG.initAndRun(RemoteTestNG.java:251)
at org.testng.remote.RemoteTestNG.main(RemoteTestNG.java:77)
]]>
            </full-stacktrace>
          </exception> <!-- org.openqa.selenium.NoSuchSessionException -->
          <reporter-output>
          </reporter-output>
        </test-method> <!-- configBM -->
        <test-method status="SKIP" signature="SearchOrgByRatingTest()[pri:0, instance:com.vtiger.comcast.organisationtest.SearchOrgTestNG@7a1ebcd8]" name="SearchOrgByRatingTest" duration-ms="0" started-at="2021-08-27T14:06:51 IST" finished-at="2021-08-27T14:06:51 IST">
          <exception class="org.openqa.selenium.NoSuchSessionException">
            <message>
              <![CDATA[Session ID is null. Using WebDriver after calling quit()?
Build info: version: '3.141.59', revision: 'e82be7d358', time: '2018-11-14T08:17:03'
System info: host: 'DHARINI-HP', ip: '192.168.64.1', os.name: 'Windows 10', os.arch: 'amd64', os.version: '10.0', java.version: '1.8.0_281'
Driver info: driver.version: RemoteWebDriver]]>
            </message>
            <full-stacktrace>
              <![CDATA[org.openqa.selenium.NoSuchSessionException: Session ID is null. Using WebDriver after calling quit()?
Build info: version: '3.141.59', revision: 'e82be7d358', time: '2018-11-14T08:17:03'
System info: host: 'DHARINI-HP', ip: '192.168.64.1', os.name: 'Windows 10', os.arch: 'amd64', os.version: '10.0', java.version: '1.8.0_281'
Driver info: driver.version: RemoteWebDriver
at org.openqa.selenium.remote.HttpCommandExecutor.execute(HttpCommandExecutor.java:125)
at org.openqa.selenium.remote.service.DriverCommandExecutor.execute(DriverCommandExecutor.java:83)
at org.openqa.selenium.remote.RemoteWebDriver.execute(RemoteWebDriver.java:552)
at org.openqa.selenium.remote.RemoteWebDriver.get(RemoteWebDriver.java:277)
at com.vtiger.comcast.genericUtility.BaseClass.configBM(BaseClass.java:55)
at sun.reflect.NativeMethodAccessorImpl.invoke0(Native Method)
at sun.reflect.NativeMethodAccessorImpl.invoke(NativeMethodAccessorImpl.java:62)
at sun.reflect.DelegatingMethodAccessorImpl.invoke(DelegatingMethodAccessorImpl.java:43)
at java.lang.reflect.Method.invoke(Method.java:498)
at org.testng.internal.MethodInvocationHelper.invokeMethod(MethodInvocationHelper.java:132)
at org.testng.internal.MethodInvocationHelper.invokeMethodConsideringTimeout(MethodInvocationHelper.java:61)
at org.testng.internal.ConfigInvoker.invokeConfigurationMethod(ConfigInvoker.java:366)
at org.testng.internal.ConfigInvoker.invokeConfigurations(ConfigInvoker.java:320)
at org.testng.internal.TestInvoker.runConfigMethods(TestInvoker.java:701)
at org.testng.internal.TestInvoker.invokeMethod(TestInvoker.java:527)
at org.testng.internal.TestInvoker.invokeTestMethod(TestInvoker.java:174)
at org.testng.internal.MethodRunner.runInSequence(MethodRunner.java:46)
at org.testng.internal.TestInvoker$MethodInvocationAgent.invoke(TestInvoker.java:822)
at org.testng.internal.TestInvoker.invokeTestMethods(TestInvoker.java:147)
at org.testng.internal.TestMethodWorker.invokeTestMethods(TestMethodWorker.java:146)
at org.testng.internal.TestMethodWorker.run(TestMethodWorker.java:128)
at java.util.ArrayList.forEach(ArrayList.java:1259)
at org.testng.TestRunner.privateRun(TestRunner.java:764)
at org.testng.TestRunner.run(TestRunner.java:585)
at org.testng.SuiteRunner.runTest(SuiteRunner.java:384)
at org.testng.SuiteRunner.runSequentially(SuiteRunner.java:378)
at org.testng.SuiteRunner.privateRun(SuiteRunner.java:337)
at org.testng.SuiteRunner.run(SuiteRunner.java:286)
at org.testng.SuiteRunnerWorker.runSuite(SuiteRunnerWorker.java:53)
at org.testng.SuiteRunnerWorker.run(SuiteRunnerWorker.java:96)
at org.testng.TestNG.runSuitesSequentially(TestNG.java:1218)
at org.testng.TestNG.runSuitesLocally(TestNG.java:1140)
at org.testng.TestNG.runSuites(TestNG.java:1069)
at org.testng.TestNG.run(TestNG.java:1037)
at org.testng.remote.AbstractRemoteTestNG.run(AbstractRemoteTestNG.java:115)
at org.testng.remote.RemoteTestNG.initAndRun(RemoteTestNG.java:251)
at org.testng.remote.RemoteTestNG.main(RemoteTestNG.java:77)
]]>
            </full-stacktrace>
          </exception> <!-- org.openqa.selenium.NoSuchSessionException -->
          <reporter-output>
          </reporter-output>
        </test-method> <!-- SearchOrgByRatingTest -->
        <test-method status="SKIP" signature="configAM()[pri:0, instance:com.vtiger.comcast.organisationtest.SearchOrgTestNG@7a1ebcd8]" name="configAM" is-config="true" duration-ms="-1630053412006" started-at="2021-08-27T14:06:52 IST" finished-at="1970-01-01T05:30:00 IST">
          <reporter-output>
          </reporter-output>
        </test-method> <!-- configAM -->
        <test-method status="SKIP" signature="configAC()[pri:0, instance:com.vtiger.comcast.organisationtest.SearchOrgTestNG@7a1ebcd8]" name="configAC" is-config="true" duration-ms="-1630053412019" started-at="2021-08-27T14:06:52 IST" finished-at="1970-01-01T05:30:00 IST">
          <reporter-output>
          </reporter-output>
        </test-method> <!-- configAC -->
        <test-method status="PASS" signature="configAS()[pri:0, instance:com.vtiger.comcast.organisationtest.SearchOrgTestNG@7a1ebcd8]" name="configAS" is-config="true" duration-ms="2" started-at="2021-08-27T14:10:38 IST" finished-at="2021-08-27T14:10:38 IST">
          <reporter-output>
          </reporter-output>
        </test-method> <!-- configAS -->
      </class> <!-- com.vtiger.comcast.organisationtest.SearchOrgTestNG -->
    </test> <!-- FullRegressionTest -->
  </suite> <!-- Suite -->
</testng-results>
